%!Adobe-FontList 1.18
%Locale:0x409

%BeginFont
Handler:DirectoryHandler
FontType:TrueType
FontName:Baskerville
FamilyName:Baskerville
StyleName:Regular
MenuName:Baskerville
StyleBits:0
WeightClass:400
WidthClass:5
AngleClass:0
FullName:Baskerville
WritingScript:Roman
OutlineFileName:\Baskerville.ttc
TTCOffset:48
DataFormat:sfntData
hasSVG:no
FileLength:1330920
FileModTime:1470523724
NameArray:0,Mac,4,Baskerville
NameArray:0,Win,1,Baskerville
%EndFont

%BeginFont
Handler:DirectoryHandler
FontType:TrueType
FontName:Baskerville-Bold
FamilyName:Baskerville
StyleName:Bold
MenuName:Baskerville
StyleBits:2
WeightClass:700
WidthClass:5
AngleClass:0
FullName:Baskerville Bold
WritingScript:Roman
OutlineFileName:\Baskerville.ttc
TTCOffset:284
DataFormat:sfntData
hasSVG:no
FileLength:1330920
FileModTime:1470523724
NameArray:0,Mac,4,Baskerville Bold
NameArray:0,Win,1,Baskerville
%EndFont

%BeginFont
Handler:DirectoryHandler
FontType:TrueType
FontName:Baskerville-Italic
FamilyName:Baskerville
StyleName:Italic
MenuName:Baskerville
StyleBits:1
WeightClass:400
WidthClass:5
AngleClass:1
FullName:Baskerville Italic
WritingScript:Roman
OutlineFileName:\Baskerville.ttc
TTCOffset:520
DataFormat:sfntData
hasSVG:no
FileLength:1330920
FileModTime:1470523724
NameArray:0,Mac,4,Baskerville Italic
NameArray:0,Win,1,Baskerville
%EndFont

%BeginFont
Handler:DirectoryHandler
FontType:TrueType
FontName:Baskerville-BoldItalic
FamilyName:Baskerville
StyleName:Bold Italic
MenuName:Baskerville
StyleBits:3
WeightClass:700
WidthClass:5
AngleClass:1
FullName:Baskerville Bold Italic
WritingScript:Roman
OutlineFileName:\Baskerville.ttc
TTCOffset:772
DataFormat:sfntData
hasSVG:no
FileLength:1330920
FileModTime:1470523724
NameArray:0,Mac,4,Baskerville Bold Italic
NameArray:0,Win,1,Baskerville
%EndFont

%BeginFont
Handler:DirectoryHandler
FontType:TrueType
FontName:Baskerville-SemiBold
FamilyName:Baskerville
StyleName:SemiBold
MenuName:Baskerville
StyleBits:0
WeightClass:600
WidthClass:5
AngleClass:0
FullName:Baskerville SemiBold
WritingScript:Roman
OutlineFileName:\Baskerville.ttc
TTCOffset:1024
DataFormat:sfntData
hasSVG:no
FileLength:1330920
FileModTime:1470523724
NameArray:0,Mac,4,Baskerville SemiBold
NameArray:0,Win,1,Baskerville
%EndFont

%BeginFont
Handler:DirectoryHandler
FontType:TrueType
FontName:Baskerville-SemiBoldItalic
FamilyName:Baskerville
StyleName:SemiBold Italic
MenuName:Baskerville
StyleBits:1
WeightClass:600
WidthClass:5
AngleClass:1
FullName:Baskerville SemiBold Italic
WritingScript:Roman
OutlineFileName:\Baskerville.ttc
TTCOffset:1260
DataFormat:sfntData
hasSVG:no
FileLength:1330920
FileModTime:1470523724
NameArray:0,Mac,4,Baskerville SemiBold Italic
NameArray:0,Win,1,Baskerville
%EndFont

%BeginFont
Handler:DirectoryHandler
FontType:TrueType
FontName:OpenSans-Bold
FamilyName:Open Sans
StyleName:Bold
MenuName:Open Sans
StyleBits:2
WeightClass:700
WidthClass:5
AngleClass:0
FullName:Open Sans Bold
WritingScript:Roman
OutlineFileName:\OpenSans-Bold.ttf
DataFormat:sfntData
hasSVG:no
FileLength:224592
FileModTime:1351932506
NameArray:0,Mac,4,Open Sans Bold
NameArray:0,Win,1,Open Sans
%EndFont

%BeginFont
Handler:DirectoryHandler
FontType:TrueType
FontName:OpenSans-Light
FamilyName:Open Sans
StyleName:Light
MenuName:Open Sans Light
StyleBits:0
WeightClass:300
WidthClass:5
AngleClass:0
FullName:Open Sans Light
WritingScript:Roman
OutlineFileName:\OpenSans-Light.ttf
DataFormat:sfntData
hasSVG:no
FileLength:222412
FileModTime:1351932506
NameArray:0,Mac,4,Open Sans Light
NameArray:0,Win,1,Open Sans Light
NameArray:0,Win,16,Open Sans
%EndFont

%BeginFont
Handler:DirectoryHandler
FontType:TrueType
FontName:OpenSans
FamilyName:Open Sans
StyleName:Regular
MenuName:Open Sans
StyleBits:0
WeightClass:400
WidthClass:5
AngleClass:0
FullName:Open Sans
WritingScript:Roman
OutlineFileName:\OpenSans-Regular.ttf
DataFormat:sfntData
hasSVG:no
FileLength:217360
FileModTime:1351932506
NameArray:0,Mac,4,Open Sans
NameArray:0,Win,1,Open Sans
%EndFont

%BeginFont
Handler:DirectoryHandler
FontType:TrueType
FontName:OpenSans-Semibold
FamilyName:Open Sans
StyleName:Semibold
MenuName:Open Sans Semibold
StyleBits:0
WeightClass:600
WidthClass:5
AngleClass:0
FullName:Open Sans Semibold
WritingScript:Roman
OutlineFileName:\OpenSans-Semibold.ttf
DataFormat:sfntData
hasSVG:no
FileLength:221328
FileModTime:1351932506
NameArray:0,Mac,4,Open Sans Semibold
NameArray:0,Win,1,Open Sans Semibold
NameArray:0,Win,16,Open Sans
%EndFont

